    Actual observed slippage  Predicted value
0               1.110223e-16        -0.004120
1              -6.065201e-03        -0.164082
2               0.000000e+00        -0.093621
3              -1.921799e-01        -0.065391
4               9.947115e-05        -0.006899
5              -1.900657e-01        -0.147819
6              -2.254080e-02        -0.000677
7              -1.524069e-04         0.001007
8              -4.066653e-01        -0.268923
9               0.000000e+00        -0.003151
10             -1.668526e-05        -0.022012
11             -3.139717e-03         0.092891
12             -1.635159e-03        -0.068178
13              1.449828e-03         0.002922
14             -9.242144e-03        -0.019917
15             -1.852072e-01        -0.025132
16              7.944074e-05        -0.001777
17             -3.482672e-01        -0.117446
18              0.000000e+00        -0.001852
19              0.000000e+00        -0.045316
20             -4.245343e-01        -0.061881
21              0.000000e+00         0.027264
22              1.110223e-14        -0.000481
23              0.000000e+00        -0.000407
24             -1.436701e-03        -0.085299
25              0.000000e+00         0.010107
26              0.000000e+00        -0.003015
27             -2.980348e-01        -0.132572
28              1.342118e-04        -0.044147
29              0.000000e+00        -0.030817
30             -7.177033e-02         0.002683
31             -6.246055e-01        -0.300061
32             -3.790453e-02        -0.046019
33              1.110223e-14         0.007266
34              0.000000e+00        -0.003435
35              0.000000e+00        -0.069365
36             -2.220446e-14        -0.008339
37             -3.545149e-03         0.022825
38             -1.662223e-01        -0.177633
39             -1.514005e-03        -0.299515
40             -2.220446e-14        -0.049428
41              1.808973e-04        -0.012766
42              0.000000e+00        -0.031551
43              2.176826e-02         0.001812
44              1.110223e-14        -0.025266
45             -2.987304e-03        -0.373144
