Batch0
     Actual observed slippage  Predicted value
0               -1.110223e-14        -0.013902
1                0.000000e+00        -0.002055
2                1.110223e-14        -0.006580
3                0.000000e+00         0.006111
4                2.985966e-02         0.028904
..                        ...              ...
419             -1.166729e-02        -0.015630
420             -1.466776e-01        -0.124945
421              2.254283e-01         0.215391
422             -2.322341e-04        -0.000994
423             -2.220446e-16        -0.004143

[424 rows x 2 columns]
Mean Squared Error (MSE): 0.0003100242243335897
Root Mean Squared Error (RMSE): 0.017607504773067356
Mean Absolute Error (MAE): 0.010858085667765185
R-squared (R²): 0.998884645738135
Batch1
     Actual observed slippage  Predicted value
0                2.220446e-16        -0.000047
1               -2.220446e-16         0.019504
2                0.000000e+00        -0.022858
3                0.000000e+00         0.005873
4               -1.543350e-02        -0.021592
..                        ...              ...
419             -2.220446e-14         0.006649
420             -2.351755e-03        -0.009866
421             -3.503240e-04        -0.021745
422              2.102165e-02        -0.024820
423              1.110223e-14         0.053779

[424 rows x 2 columns]
Mean Squared Error (MSE): 0.0005695033285419497
Root Mean Squared Error (RMSE): 0.02386426886669587
Mean Absolute Error (MAE): 0.012807135374199691
R-squared (R²): 0.9978635072291938
Batch2
     Actual observed slippage  Predicted value
0                0.000000e+00         0.001132
1               -1.478369e-01        -0.137328
2               -3.127932e-02        -0.051982
3               -2.064817e-02        -0.021869
4               -3.263708e-02        -0.043331
..                        ...              ...
419             -2.053388e-01        -0.203406
420             -1.705653e-01        -0.170634
421             -1.110223e-16        -0.001312
422              2.220446e-16        -0.001284
423             -2.660944e-02        -0.015765

[424 rows x 2 columns]
Mean Squared Error (MSE): 0.00037335399841712864
Root Mean Squared Error (RMSE): 0.0193223704140338
Mean Absolute Error (MAE): 0.009063654925094186
R-squared (R²): 0.9981493147042536
Batch3
     Actual observed slippage  Predicted value
0                4.949430e-01         0.449537
1               -3.668446e-03        -0.006273
2                1.619870e+00         1.566062
3               -3.401361e-03        -0.001464
4               -2.592593e+00        -2.575741
..                        ...              ...
419             -3.219575e-01        -0.312669
420              9.151922e-02         0.093057
421              4.774789e-02         0.072297
422             -2.220446e-16         0.008416
423              0.000000e+00         0.008171

[424 rows x 2 columns]
Mean Squared Error (MSE): 0.0002294358687696969
Root Mean Squared Error (RMSE): 0.015147140613650382
Mean Absolute Error (MAE): 0.009241178203036262
R-squared (R²): 0.9991224469802268
Batch4
     Actual observed slippage  Predicted value
0                    0.000000         0.019464
1                    0.177738         0.158957
2                    0.033807         0.034033
3                    0.000000        -0.011092
4                   -0.003995        -0.005801
..                        ...              ...
419                 -0.580833        -0.572480
420                  0.162866         0.162103
421                 -0.003526        -0.000587
422                  0.000000         0.018810
423                  0.000155         0.000420

[424 rows x 2 columns]
Mean Squared Error (MSE): 0.000453600671864974
Root Mean Squared Error (RMSE): 0.021297902992195594
Mean Absolute Error (MAE): 0.012036458647938028
R-squared (R²): 0.9984061394276144
