    Actual observed slippage  Predicted value
0              -2.400000e-02        -0.002732
1               0.000000e+00        -0.003966
2               0.000000e+00        -0.003439
3              -3.509583e-01        -0.010750
4              -2.797203e-03         0.006702
5               0.000000e+00         0.002126
6               1.050466e-04        -0.061628
7               3.610263e-02        -0.001182
8               0.000000e+00        -0.017068
9               0.000000e+00         0.001985
10             -4.564925e-02         0.005060
11              1.567302e-02         0.003789
12              2.220446e-16         0.000150
13              1.593474e-02        -0.022066
14             -5.681291e-01        -0.092352
15              0.000000e+00        -0.005799
16              0.000000e+00        -0.021388
17             -6.081134e-01        -0.063003
18              4.126547e-03        -0.005814
19              3.400000e-02        -0.005257
20              2.632965e-04        -0.022997
21             -1.225791e-02        -0.009803
22              0.000000e+00        -0.036442
23             -3.160989e-01         0.008312
24             -2.277508e-01        -0.632261
25             -5.544784e-02        -0.085882
26             -3.712871e-03        -0.059950
27              0.000000e+00        -0.020476
28              0.000000e+00        -0.002412
29             -2.968913e-01        -0.309443
30              0.000000e+00         0.005196
31             -5.848358e-01        -0.285592
32              3.522531e-02         0.014258
33              0.000000e+00        -0.020454
34              2.220446e-16        -0.025778
35             -2.220446e-16        -0.002063
36             -2.700000e-04         0.002337
Mean Squared Error (MSE): 0.02751715711839315
Root Mean Squared Error (RMSE): 0.16588296211001644
Mean Absolute Error (MAE): 0.0807052212205206
R-squared (R²): 0.13110343758800058
